[21:54:51.548] Global cache location '/Users/samuelbanya/Library/Caches/typescript/4.7', safe file path '/users/samuelbanya/.nvm/versions/node/v16.14.2/lib/node_modules/typescript/lib/typingsafelist.json', types map path /users/samuelbanya/.nvm/versions/node/v16.14.2/lib/node_modules/typescript/lib/typesmap.json
[21:54:51.551] Processing cache location '/Users/samuelbanya/Library/Caches/typescript/4.7'
[21:54:51.551] Trying to find '/Users/samuelbanya/Library/Caches/typescript/4.7/package.json'...
[21:54:51.554] Loaded content of '/Users/samuelbanya/Library/Caches/typescript/4.7/package.json': {"private":true,"dependencies":{"types-registry":"^0.1.598"},"devDependencies":{"@types/aria-query":"^5.0.0","@types/jest":"^28.1.3","@types/mocha":"^9.1.1","@types/node":"^18.0.0","@types/object-assign":"^4.0.30","@types/react":"^18.0.14","@types/react-dom":"^18.0.5","@types/testing-library__jest-dom":"^5.14.5"}}
[21:54:51.555] Loaded content of '/Users/samuelbanya/Library/Caches/typescript/4.7/package-lock.json'
[21:54:51.572] Adding entry into typings cache: 'aria-query' => '/Users/samuelbanya/Library/Caches/typescript/4.7/node_modules/@types/aria-query/index.d.ts'
[21:54:51.580] Adding entry into typings cache: 'jest' => '/Users/samuelbanya/Library/Caches/typescript/4.7/node_modules/@types/jest/index.d.ts'
[21:54:51.584] Adding entry into typings cache: 'mocha' => '/Users/samuelbanya/Library/Caches/typescript/4.7/node_modules/@types/mocha/index.d.ts'
[21:54:51.592] Adding entry into typings cache: 'node' => '/Users/samuelbanya/Library/Caches/typescript/4.7/node_modules/@types/node/index.d.ts'
[21:54:51.596] Adding entry into typings cache: 'object-assign' => '/Users/samuelbanya/Library/Caches/typescript/4.7/node_modules/@types/object-assign/index.d.ts'
[21:54:51.602] Adding entry into typings cache: 'react' => '/Users/samuelbanya/Library/Caches/typescript/4.7/node_modules/@types/react/index.d.ts'
[21:54:51.606] Adding entry into typings cache: 'react-dom' => '/Users/samuelbanya/Library/Caches/typescript/4.7/node_modules/@types/react-dom/index.d.ts'
[21:54:51.608] Adding entry into typings cache: 'testing-library__jest-dom' => '/Users/samuelbanya/Library/Caches/typescript/4.7/node_modules/@types/testing-library__jest-dom/index.d.ts'
[21:54:51.608] Finished processing cache location '/Users/samuelbanya/Library/Caches/typescript/4.7'
[21:54:51.609] Process id: 21259
[21:54:51.609] NPM location: /Users/samuelbanya/.nvm/versions/node/v16.14.2/bin/npm (explicit '--npmLocation' not  provided)
[21:54:51.609] validateDefaultNpmLocation: false
[21:54:51.610] Npm config file: /Users/samuelbanya/Library/Caches/typescript/4.7/package.json
[21:54:51.610] Updating types-registry npm package...
[21:54:51.611] Exec: /Users/samuelbanya/.nvm/versions/node/v16.14.2/bin/npm install --ignore-scripts types-registry@latest
[21:54:52.794]     Succeeded. stdout:
    
    up to date, audited 29 packages in 681ms

3 packages are looking for funding
  run `npm fund` for details

found 0 vulnerabilities

[21:54:52.795] Updated types-registry npm package
[21:54:53.773] Got install request {"projectName":"/dev/null/inferredProject1*","fileNames":["/Users/samuelbanya/.nvm/versions/node/v16.14.2/lib/node_modules/typescript/lib/lib.es5.d.ts","/Users/samuelbanya/.nvm/versions/node/v16.14.2/lib/node_modules/typescript/lib/lib.es2015.d.ts","/Users/samuelbanya/.nvm/versions/node/v16.14.2/lib/node_modules/typescript/lib/lib.es2016.d.ts","/Users/samuelbanya/.nvm/versions/node/v16.14.2/lib/node_modules/typescript/lib/lib.dom.d.ts","/Users/samuelbanya/.nvm/versions/node/v16.14.2/lib/node_modules/typescript/lib/lib.dom.iterable.d.ts","/Users/samuelbanya/.nvm/versions/node/v16.14.2/lib/node_modules/typescript/lib/lib.webworker.importscripts.d.ts","/Users/samuelbanya/.nvm/versions/node/v16.14.2/lib/node_modules/typescript/lib/lib.scripthost.d.ts","/Users/samuelbanya/.nvm/versions/node/v16.14.2/lib/node_modules/typescript/lib/lib.es2015.core.d.ts","/Users/samuelbanya/.nvm/versions/node/v16.14.2/lib/node_modules/typescript/lib/lib.es2015.collection.d.ts","/Users/samuelbanya/.nvm/versions/node/v16.14.2/lib/node_modules/typescript/lib/lib.es2015.generator.d.ts","/Users/samuelbanya/.nvm/versions/node/v16.14.2/lib/node_modules/typescript/lib/lib.es2015.iterable.d.ts","/Users/samuelbanya/.nvm/versions/node/v16.14.2/lib/node_modules/typescript/lib/lib.es2015.promise.d.ts","/Users/samuelbanya/.nvm/versions/node/v16.14.2/lib/node_modules/typescript/lib/lib.es2015.proxy.d.ts","/Users/samuelbanya/.nvm/versions/node/v16.14.2/lib/node_modules/typescript/lib/lib.es2015.reflect.d.ts","/Users/samuelbanya/.nvm/versions/node/v16.14.2/lib/node_modules/typescript/lib/lib.es2015.symbol.d.ts","/Users/samuelbanya/.nvm/versions/node/v16.14.2/lib/node_modules/typescript/lib/lib.es2015.symbol.wellknown.d.ts","/Users/samuelbanya/.nvm/versions/node/v16.14.2/lib/node_modules/typescript/lib/lib.es2016.array.include.d.ts","/Users/samuelbanya/.nvm/versions/node/v16.14.2/lib/node_modules/typescript/lib/lib.es2016.full.d.ts","/Users/samuelbanya/hub/Development/code/phase-2/react-hooks-information-flow-code-along/src/randomColorGenerator.js"],"compilerOptions":{"module":1,"target":3,"jsx":1,"allowJs":true,"allowSyntheticDefaultImports":true,"allowNonTsExtensions":true,"noEmitForJsFiles":true,"maxNodeModuleJsDepth":2},"typeAcquisition":{"enable":true,"include":[],"exclude":[]},"unresolvedImports":[],"projectRootPath":"/Users/samuelbanya/hub/Development/code/phase-2/react-hooks-information-flow-code-along/src","kind":"discover"}
[21:54:53.787] Loaded safelist from types map file '/users/samuelbanya/.nvm/versions/node/v16.14.2/lib/node_modules/typescript/lib/typesmap.json'
[21:54:53.787] Explicitly included types: []
[21:54:53.788] Inferred typings from unresolved imports: []
[21:54:53.788] Result: {"cachedTypingPaths":[],"newTypingNames":[],"filesToWatch":["/Users/samuelbanya/hub/Development/code/phase-2/react-hooks-information-flow-code-along/src/bower_components","/Users/samuelbanya/hub/Development/code/phase-2/react-hooks-information-flow-code-along/src/node_modules"]}
[21:54:53.789] Finished typings discovery: {"cachedTypingPaths":[],"newTypingNames":[],"filesToWatch":["/Users/samuelbanya/hub/Development/code/phase-2/react-hooks-information-flow-code-along/src/bower_components","/Users/samuelbanya/hub/Development/code/phase-2/react-hooks-information-flow-code-along/src/node_modules"]}
[21:54:53.789] DirectoryWatcher:: Added:: WatchInfo: /Users/samuelbanya/hub/Development/code/phase-2/react-hooks-information-flow-code-along/src/bower_components
[21:54:53.790] DirectoryWatcher:: Added:: WatchInfo: /Users/samuelbanya/hub/Development/code/phase-2/react-hooks-information-flow-code-along/src/bower_components 1 undefined Project: /dev/null/inferredProject1* watcher already invoked: false
[21:54:53.791] Elapsed:: 0.9209370017051697ms DirectoryWatcher:: Added:: WatchInfo: /Users/samuelbanya/hub/Development/code/phase-2/react-hooks-information-flow-code-along/src/bower_components 1 undefined Project: /dev/null/inferredProject1* watcher already invoked: false
[21:54:53.791] DirectoryWatcher:: Added:: WatchInfo: /Users/samuelbanya/hub/Development/code/phase-2/react-hooks-information-flow-code-along/src/node_modules
[21:54:53.792] DirectoryWatcher:: Added:: WatchInfo: /Users/samuelbanya/hub/Development/code/phase-2/react-hooks-information-flow-code-along/src/node_modules 1 undefined Project: /dev/null/inferredProject1* watcher already invoked: false
[21:54:53.792] Elapsed:: 0.11508099734783173ms DirectoryWatcher:: Added:: WatchInfo: /Users/samuelbanya/hub/Development/code/phase-2/react-hooks-information-flow-code-along/src/node_modules 1 undefined Project: /dev/null/inferredProject1* watcher already invoked: false
[21:54:53.792] Sending response:
    {"projectName":"/dev/null/inferredProject1*","typeAcquisition":{"enable":true,"include":[],"exclude":[]},"compilerOptions":{"module":1,"target":3,"jsx":1,"allowJs":true,"allowSyntheticDefaultImports":true,"allowNonTsExtensions":true,"noEmitForJsFiles":true,"maxNodeModuleJsDepth":2},"typings":[],"unresolvedImports":[],"kind":"action::set"}
[21:54:53.793] Response has been sent.
[21:54:53.793] No new typings were requested as a result of typings discovery
[21:58:02.922] Got install request {"projectName":"/dev/null/inferredProject2*","fileNames":["/Users/samuelbanya/.nvm/versions/node/v16.14.2/lib/node_modules/typescript/lib/lib.es5.d.ts","/Users/samuelbanya/.nvm/versions/node/v16.14.2/lib/node_modules/typescript/lib/lib.es2015.d.ts","/Users/samuelbanya/.nvm/versions/node/v16.14.2/lib/node_modules/typescript/lib/lib.es2016.d.ts","/Users/samuelbanya/.nvm/versions/node/v16.14.2/lib/node_modules/typescript/lib/lib.dom.d.ts","/Users/samuelbanya/.nvm/versions/node/v16.14.2/lib/node_modules/typescript/lib/lib.dom.iterable.d.ts","/Users/samuelbanya/.nvm/versions/node/v16.14.2/lib/node_modules/typescript/lib/lib.webworker.importscripts.d.ts","/Users/samuelbanya/.nvm/versions/node/v16.14.2/lib/node_modules/typescript/lib/lib.scripthost.d.ts","/Users/samuelbanya/.nvm/versions/node/v16.14.2/lib/node_modules/typescript/lib/lib.es2015.core.d.ts","/Users/samuelbanya/.nvm/versions/node/v16.14.2/lib/node_modules/typescript/lib/lib.es2015.collection.d.ts","/Users/samuelbanya/.nvm/versions/node/v16.14.2/lib/node_modules/typescript/lib/lib.es2015.generator.d.ts","/Users/samuelbanya/.nvm/versions/node/v16.14.2/lib/node_modules/typescript/lib/lib.es2015.iterable.d.ts","/Users/samuelbanya/.nvm/versions/node/v16.14.2/lib/node_modules/typescript/lib/lib.es2015.promise.d.ts","/Users/samuelbanya/.nvm/versions/node/v16.14.2/lib/node_modules/typescript/lib/lib.es2015.proxy.d.ts","/Users/samuelbanya/.nvm/versions/node/v16.14.2/lib/node_modules/typescript/lib/lib.es2015.reflect.d.ts","/Users/samuelbanya/.nvm/versions/node/v16.14.2/lib/node_modules/typescript/lib/lib.es2015.symbol.d.ts","/Users/samuelbanya/.nvm/versions/node/v16.14.2/lib/node_modules/typescript/lib/lib.es2015.symbol.wellknown.d.ts","/Users/samuelbanya/.nvm/versions/node/v16.14.2/lib/node_modules/typescript/lib/lib.es2016.array.include.d.ts","/Users/samuelbanya/.nvm/versions/node/v16.14.2/lib/node_modules/typescript/lib/lib.es2016.full.d.ts","/Users/samuelbanya/hub/Development/code/phase-2/react-hooks-information-flow-code-along/src/randomColorGenerator.js","/Users/samuelbanya/hub/Development/code/phase-2/react-hooks-information-flow-code-along/src/Child.js","/Users/samuelbanya/hub/Development/code/phase-2/react-hooks-information-flow-code-along/src/Parent.js"],"compilerOptions":{"module":1,"target":3,"jsx":1,"allowJs":true,"allowSyntheticDefaultImports":true,"allowNonTsExtensions":true,"noEmitForJsFiles":true,"maxNodeModuleJsDepth":2},"typeAcquisition":{"enable":true,"include":[],"exclude":[]},"unresolvedImports":[],"projectRootPath":"/Users/samuelbanya/hub/Development/code/phase-2/react-hooks-information-flow-code-along/src","kind":"discover"}
[21:58:02.923] Explicitly included types: []
[21:58:02.923] Inferred typings from unresolved imports: []
[21:58:02.923] Result: {"cachedTypingPaths":[],"newTypingNames":[],"filesToWatch":["/Users/samuelbanya/hub/Development/code/phase-2/react-hooks-information-flow-code-along/src/bower_components","/Users/samuelbanya/hub/Development/code/phase-2/react-hooks-information-flow-code-along/src/node_modules"]}
[21:58:02.923] Finished typings discovery: {"cachedTypingPaths":[],"newTypingNames":[],"filesToWatch":["/Users/samuelbanya/hub/Development/code/phase-2/react-hooks-information-flow-code-along/src/bower_components","/Users/samuelbanya/hub/Development/code/phase-2/react-hooks-information-flow-code-along/src/node_modules"]}
[21:58:02.923] DirectoryWatcher:: Added:: WatchInfo: /Users/samuelbanya/hub/Development/code/phase-2/react-hooks-information-flow-code-along/src/bower_components
[21:58:02.923] DirectoryWatcher:: Added:: WatchInfo: /Users/samuelbanya/hub/Development/code/phase-2/react-hooks-information-flow-code-along/src/bower_components 1 undefined Project: /dev/null/inferredProject2* watcher already invoked: false
[21:58:02.924] Elapsed:: 0.0687830001115799ms DirectoryWatcher:: Added:: WatchInfo: /Users/samuelbanya/hub/Development/code/phase-2/react-hooks-information-flow-code-along/src/bower_components 1 undefined Project: /dev/null/inferredProject2* watcher already invoked: false
[21:58:02.924] DirectoryWatcher:: Added:: WatchInfo: /Users/samuelbanya/hub/Development/code/phase-2/react-hooks-information-flow-code-along/src/node_modules
[21:58:02.924] DirectoryWatcher:: Added:: WatchInfo: /Users/samuelbanya/hub/Development/code/phase-2/react-hooks-information-flow-code-along/src/node_modules 1 undefined Project: /dev/null/inferredProject2* watcher already invoked: false
[21:58:02.924] Elapsed:: 0.07891299575567245ms DirectoryWatcher:: Added:: WatchInfo: /Users/samuelbanya/hub/Development/code/phase-2/react-hooks-information-flow-code-along/src/node_modules 1 undefined Project: /dev/null/inferredProject2* watcher already invoked: false
[21:58:02.925] Sending response:
    {"projectName":"/dev/null/inferredProject2*","typeAcquisition":{"enable":true,"include":[],"exclude":[]},"compilerOptions":{"module":1,"target":3,"jsx":1,"allowJs":true,"allowSyntheticDefaultImports":true,"allowNonTsExtensions":true,"noEmitForJsFiles":true,"maxNodeModuleJsDepth":2},"typings":[],"unresolvedImports":[],"kind":"action::set"}
[21:58:02.925] Response has been sent.
[21:58:02.925] No new typings were requested as a result of typings discovery
